0 info it worked if it ends with ok
1 verbose cli [ 'C:\\Program Files (x86)\\nodejs\\\\node.exe',
1 verbose cli   'C:\\Program Files (x86)\\nodejs\\node_modules\\npm\\bin\\npm-cli.js',
1 verbose cli   'install',
1 verbose cli   'grunt-config-concat',
1 verbose cli   '--save-dev' ]
2 info using npm@1.4.28
3 info using node@v0.10.33
4 verbose node symlink C:\Program Files (x86)\nodejs\\node.exe
5 warn package.json aj_lib0@0.1.0 No description
6 warn package.json aj_lib0@0.1.0 No repository field.
7 warn package.json aj_lib0@0.1.0 No README data
8 verbose readDependencies using package.json deps
9 verbose cache add [ 'grunt-config-concat', null ]
10 verbose cache add name=undefined spec="grunt-config-concat" args=["grunt-config-concat",null]
11 verbose parsed url { protocol: null,
11 verbose parsed url   slashes: null,
11 verbose parsed url   auth: null,
11 verbose parsed url   host: null,
11 verbose parsed url   port: null,
11 verbose parsed url   hostname: null,
11 verbose parsed url   hash: null,
11 verbose parsed url   search: null,
11 verbose parsed url   query: null,
11 verbose parsed url   pathname: 'grunt-config-concat',
11 verbose parsed url   path: 'grunt-config-concat',
11 verbose parsed url   href: 'grunt-config-concat' }
12 silly lockFile eb1364b8-grunt-config-concat grunt-config-concat
13 verbose lock grunt-config-concat C:\Users\julian\AppData\Roaming\npm-cache\eb1364b8-grunt-config-concat.lock
14 silly lockFile eb1364b8-grunt-config-concat grunt-config-concat
15 silly lockFile eb1364b8-grunt-config-concat grunt-config-concat
16 verbose addNamed [ 'grunt-config-concat', '' ]
17 verbose addNamed [ null, '*' ]
18 silly lockFile 90085178-grunt-config-concat grunt-config-concat@
19 verbose lock grunt-config-concat@ C:\Users\julian\AppData\Roaming\npm-cache\90085178-grunt-config-concat.lock
20 silly addNameRange { name: 'grunt-config-concat', range: '*', hasData: false }
21 verbose request where is /grunt-config-concat
22 verbose request registry https://registry.npmjs.org/
23 verbose request id 04968a6e0cd4e88f
24 verbose url raw /grunt-config-concat
25 verbose url resolving [ 'https://registry.npmjs.org/', './grunt-config-concat' ]
26 verbose url resolved https://registry.npmjs.org/grunt-config-concat
27 verbose request where is https://registry.npmjs.org/grunt-config-concat
28 info trying registry request attempt 1 at 10:35:45
29 http GET https://registry.npmjs.org/grunt-config-concat
30 http 404 https://registry.npmjs.org/grunt-config-concat
31 verbose headers { date: 'Sun, 01 Mar 2015 10:35:48 GMT',
31 verbose headers   server: 'CouchDB/1.5.0 (Erlang OTP/R16B03)',
31 verbose headers   'content-type': 'application/json',
31 verbose headers   'cache-control': 'max-age=0',
31 verbose headers   'content-length': '52',
31 verbose headers   'accept-ranges': 'bytes',
31 verbose headers   via: '1.1 varnish',
31 verbose headers   age: '0',
31 verbose headers   'x-served-by': 'cache-lcy1121-LCY',
31 verbose headers   'x-cache': 'MISS',
31 verbose headers   'x-cache-hits': '0',
31 verbose headers   'x-timer': 'S1425206147.745482,VS0,VE348',
31 verbose headers   'keep-alive': 'timeout=10, max=50',
31 verbose headers   connection: 'Keep-Alive' }
32 silly registry.get cb [ 404,
32 silly registry.get   { date: 'Sun, 01 Mar 2015 10:35:48 GMT',
32 silly registry.get     server: 'CouchDB/1.5.0 (Erlang OTP/R16B03)',
32 silly registry.get     'content-type': 'application/json',
32 silly registry.get     'cache-control': 'max-age=0',
32 silly registry.get     'content-length': '52',
32 silly registry.get     'accept-ranges': 'bytes',
32 silly registry.get     via: '1.1 varnish',
32 silly registry.get     age: '0',
32 silly registry.get     'x-served-by': 'cache-lcy1121-LCY',
32 silly registry.get     'x-cache': 'MISS',
32 silly registry.get     'x-cache-hits': '0',
32 silly registry.get     'x-timer': 'S1425206147.745482,VS0,VE348',
32 silly registry.get     'keep-alive': 'timeout=10, max=50',
32 silly registry.get     connection: 'Keep-Alive' } ]
33 silly lockFile 90085178-grunt-config-concat grunt-config-concat@
34 silly lockFile 90085178-grunt-config-concat grunt-config-concat@
35 error 404 404 Not Found: grunt-config-concat
35 error 404
35 error 404 'grunt-config-concat' is not in the npm registry.
35 error 404 You should bug the author to publish it
35 error 404 It was specified as a dependency of 'aj_lib0'
35 error 404
35 error 404 Note that you can also install from a
35 error 404 tarball, folder, or http url, or git url.
36 error System Windows_NT 6.2.9200
37 error command "C:\\Program Files (x86)\\nodejs\\\\node.exe" "C:\\Program Files (x86)\\nodejs\\node_modules\\npm\\bin\\npm-cli.js" "install" "grunt-config-concat" "--save-dev"
38 error cwd C:\Users\julian\Dropbox\Public\pq\grunt2pq
39 error node -v v0.10.33
40 error npm -v 1.4.28
41 error code E404
42 verbose exit [ 1, true ]
